
  .   ____          _            __ _ _
 /\\ / ___'_ __ _ _(_)_ __  __ _ \ \ \ \
( ( )\___ | '_ | '_| | '_ \/ _` | \ \ \ \
 \\/  ___)| |_)| | | | | || (_| |  ) ) ) )
  '  |____| .__|_| |_|_| |_\__, | / / / /
 =========|_|==============|___/=/_/_/_/

 :: Spring Boot ::                (v3.4.1)

2026-06-25T17:28:26.636+08:00  INFO 29936 --- [compound-compare] [           main] c.example.compound.CompoundApplication   : Starting CompoundApplication using Java 17.0.17 with PID 29936 (E:\葩瞳恁嘖\backend\target\classes started by Jesse in E:\葩瞳恁嘖\backend)
2026-06-25T17:28:26.640+08:00  INFO 29936 --- [compound-compare] [           main] c.example.compound.CompoundApplication   : No active profile set, falling back to 1 default profile: "default"
2026-06-25T17:28:27.449+08:00  INFO 29936 --- [compound-compare] [           main] o.s.b.w.embedded.tomcat.TomcatWebServer  : Tomcat initialized with port 8080 (http)
2026-06-25T17:28:27.472+08:00  INFO 29936 --- [compound-compare] [           main] o.apache.catalina.core.StandardService   : Starting service [Tomcat]
2026-06-25T17:28:27.473+08:00  INFO 29936 --- [compound-compare] [           main] o.apache.catalina.core.StandardEngine    : Starting Servlet engine: [Apache Tomcat/10.1.34]
2026-06-25T17:28:27.537+08:00  INFO 29936 --- [compound-compare] [           main] o.a.c.c.C.[Tomcat].[localhost].[/]       : Initializing Spring embedded WebApplicationContext
2026-06-25T17:28:27.537+08:00  INFO 29936 --- [compound-compare] [           main] w.s.c.ServletWebServerApplicationContext : Root WebApplicationContext: initialization completed in 860 ms
2026-06-25T17:28:28.245+08:00  INFO 29936 --- [compound-compare] [           main] o.s.b.w.embedded.tomcat.TomcatWebServer  : Tomcat started on port 8080 (http) with context path '/'
2026-06-25T17:28:28.255+08:00  INFO 29936 --- [compound-compare] [           main] c.example.compound.CompoundApplication   : Started CompoundApplication in 1.942 seconds (process running for 2.193)
2026-06-25T17:28:44.684+08:00  INFO 29936 --- [compound-compare] [nio-8080-exec-1] o.a.c.c.C.[Tomcat].[localhost].[/]       : Initializing Spring DispatcherServlet 'dispatcherServlet'
2026-06-25T17:28:44.684+08:00  INFO 29936 --- [compound-compare] [nio-8080-exec-1] o.s.web.servlet.DispatcherServlet        : Initializing Servlet 'dispatcherServlet'
2026-06-25T17:28:44.685+08:00  INFO 29936 --- [compound-compare] [nio-8080-exec-1] o.s.web.servlet.DispatcherServlet        : Completed initialization in 1 ms
2026-06-25T17:29:54.141+08:00  INFO 29936 --- [compound-compare] [nio-8080-exec-8] com.zaxxer.hikari.HikariDataSource       : HikariPool-1 - Starting...
2026-06-25T17:29:54.221+08:00  INFO 29936 --- [compound-compare] [nio-8080-exec-8] com.zaxxer.hikari.pool.HikariPool        : HikariPool-1 - Added connection org.sqlite.jdbc4.JDBC4Connection@48f0f33f
2026-06-25T17:29:54.225+08:00  INFO 29936 --- [compound-compare] [nio-8080-exec-8] com.zaxxer.hikari.HikariDataSource       : HikariPool-1 - Start completed.
